<?xml version="1.0" encoding="UTF-8"?>
<testng-results skipped="0" failed="0" total="1" passed="1">
  <reporter-output>
  </reporter-output>
  <suite name="Default suite" duration-ms="3404" started-at="2016-04-05T21:09:58Z" finished-at="2016-04-05T21:10:02Z">
    <groups>
    </groups>
    <test name="Default test" duration-ms="3404" started-at="2016-04-05T21:09:58Z" finished-at="2016-04-05T21:10:02Z">
      <class name="com.ncubo.analytics.test.util.AnalyticsDatosTest">
        <test-method status="PASS" signature="analytics()[pri:0, instance:com.ncubo.analytics.test.util.AnalyticsDatosTest@1a966bcb]" name="analytics" duration-ms="3345" started-at="2016-04-05T15:09:58Z" finished-at="2016-04-05T15:10:02Z">
          <reporter-output>
          </reporter-output>
        </test-method> <!-- analytics -->
      </class> <!-- com.ncubo.analytics.test.util.AnalyticsDatosTest -->
    </test> <!-- Default test -->
  </suite> <!-- Default suite -->
</testng-results>
